<?xml version="1.0" encoding="UTF-8"?>
<testsuite xmlns:xsi="http://www.w3.org/2001/XMLSchema-instance" xsi:noNamespaceSchemaLocation="https://maven.apache.org/surefire/maven-surefire-plugin/xsd/surefire-test-report.xsd" name="com.binotify.AppTest" time="0.236" tests="1" errors="0" skipped="0" failures="0">
  <properties>
    <property name="awt.toolkit" value="sun.awt.X11.XToolkit"/>
    <property name="java.specification.version" value="11"/>
    <property name="sun.cpu.isalist" value=""/>
    <property name="sun.jnu.encoding" value="UTF-8"/>
    <property name="java.class.path" value="/mnt/d/Cave/Semester5/WBD/tugas-besar-2/binotify-soap-service/ws/target/test-classes:/mnt/d/Cave/Semester5/WBD/tugas-besar-2/binotify-soap-service/ws/target/classes:/home/felinejtd/.m2/repository/junit/junit/4.11/junit-4.11.jar:/home/felinejtd/.m2/repository/org/hamcrest/hamcrest-core/1.3/hamcrest-core-1.3.jar:/home/felinejtd/.m2/repository/jakarta/xml/bind/jakarta.xml.bind-api/2.3.2/jakarta.xml.bind-api-2.3.2.jar:/home/felinejtd/.m2/repository/jakarta/xml/ws/jakarta.xml.ws-api/2.3.2/jakarta.xml.ws-api-2.3.2.jar:/home/felinejtd/.m2/repository/jakarta/xml/soap/jakarta.xml.soap-api/1.4.1/jakarta.xml.soap-api-1.4.1.jar:/home/felinejtd/.m2/repository/jakarta/annotation/jakarta.annotation-api/1.3.4/jakarta.annotation-api-1.3.4.jar:/home/felinejtd/.m2/repository/jakarta/jws/jakarta.jws-api/1.1.1/jakarta.jws-api-1.1.1.jar:/home/felinejtd/.m2/repository/org/glassfish/jaxb/jaxb-runtime/2.3.2/jaxb-runtime-2.3.2.jar:/home/felinejtd/.m2/repository/org/glassfish/jaxb/txw2/2.3.2/txw2-2.3.2.jar:/home/felinejtd/.m2/repository/com/sun/istack/istack-commons-runtime/3.0.8/istack-commons-runtime-3.0.8.jar:/home/felinejtd/.m2/repository/com/sun/xml/ws/policy/2.7.6/policy-2.7.6.jar:/home/felinejtd/.m2/repository/org/glassfish/gmbal/gmbal/4.0.0/gmbal-4.0.0.jar:/home/felinejtd/.m2/repository/org/glassfish/external/management-api/3.2.1/management-api-3.2.1.jar:/home/felinejtd/.m2/repository/org/glassfish/pfl/pfl-basic/4.0.1/pfl-basic-4.0.1.jar:/home/felinejtd/.m2/repository/org/glassfish/pfl/pfl-basic-tools/4.0.1/pfl-basic-tools-4.0.1.jar:/home/felinejtd/.m2/repository/org/glassfish/pfl/pfl-tf-tools/4.0.1/pfl-tf-tools-4.0.1.jar:/home/felinejtd/.m2/repository/org/jvnet/staxex/stax-ex/1.8.1/stax-ex-1.8.1.jar:/home/felinejtd/.m2/repository/com/sun/xml/stream/buffer/streambuffer/1.5.7/streambuffer-1.5.7.jar:/home/felinejtd/.m2/repository/org/jvnet/mimepull/mimepull/1.9.11/mimepull-1.9.11.jar:/home/felinejtd/.m2/repository/com/sun/xml/fastinfoset/FastInfoset/1.2.16/FastInfoset-1.2.16.jar:/home/felinejtd/.m2/repository/org/glassfish/ha/ha-api/3.1.12/ha-api-3.1.12.jar:/home/felinejtd/.m2/repository/com/sun/xml/messaging/saaj/saaj-impl/1.5.1/saaj-impl-1.5.1.jar:/home/felinejtd/.m2/repository/com/fasterxml/woodstox/woodstox-core/5.1.0/woodstox-core-5.1.0.jar:/home/felinejtd/.m2/repository/org/codehaus/woodstox/stax2-api/4.1/stax2-api-4.1.jar:/home/felinejtd/.m2/repository/jakarta/activation/jakarta.activation-api/1.2.1/jakarta.activation-api-1.2.1.jar:/home/felinejtd/.m2/repository/com/sun/xml/ws/jaxws-rt/2.3.2/jaxws-rt-2.3.2.jar:/home/felinejtd/.m2/repository/com/sun/xml/ws/jaxws-tools/2.3.2/jaxws-tools-2.3.2.jar:/home/felinejtd/.m2/repository/com/sun/xml/bind/jaxb-xjc/2.3.2/jaxb-xjc-2.3.2.jar:/home/felinejtd/.m2/repository/com/sun/xml/bind/jaxb-jxc/2.3.2/jaxb-jxc-2.3.2.jar:/home/felinejtd/.m2/repository/com/sun/xml/ws/jaxws-eclipselink-plugin/2.3.2/jaxws-eclipselink-plugin-2.3.2.jar:/home/felinejtd/.m2/repository/jakarta/mail/jakarta.mail-api/1.6.3/jakarta.mail-api-1.6.3.jar:/home/felinejtd/.m2/repository/jakarta/persistence/jakarta.persistence-api/2.2.2/jakarta.persistence-api-2.2.2.jar:/home/felinejtd/.m2/repository/org/eclipse/persistence/org.eclipse.persistence.moxy/2.7.4/org.eclipse.persistence.moxy-2.7.4.jar:/home/felinejtd/.m2/repository/org/eclipse/persistence/org.eclipse.persistence.core/2.7.4/org.eclipse.persistence.core-2.7.4.jar:/home/felinejtd/.m2/repository/org/eclipse/persistence/org.eclipse.persistence.asm/2.7.4/org.eclipse.persistence.asm-2.7.4.jar:/home/felinejtd/.m2/repository/com/sun/xml/ws/sdo-eclipselink-plugin/2.3.2/sdo-eclipselink-plugin-2.3.2.jar:/home/felinejtd/.m2/repository/org/eclipse/persistence/org.eclipse.persistence.sdo/2.7.4/org.eclipse.persistence.sdo-2.7.4.jar:/home/felinejtd/.m2/repository/org/eclipse/persistence/commonj.sdo/2.1.1/commonj.sdo-2.1.1.jar:/home/felinejtd/.m2/repository/com/sun/xml/ws/rt/2.3.2/rt-2.3.2.jar:/home/felinejtd/.m2/repository/org/glassfish/pfl/pfl-tf/4.0.1/pfl-tf-4.0.1.jar:/home/felinejtd/.m2/repository/org/glassfish/pfl/pfl-asm/4.0.1/pfl-asm-4.0.1.jar:/home/felinejtd/.m2/repository/org/glassfish/pfl/pfl-dynamic/4.0.1/pfl-dynamic-4.0.1.jar:/home/felinejtd/.m2/repository/org/apache/commons/commons-dbcp2/2.9.0/commons-dbcp2-2.9.0.jar:/home/felinejtd/.m2/repository/org/apache/commons/commons-pool2/2.10.0/commons-pool2-2.10.0.jar:/home/felinejtd/.m2/repository/commons-logging/commons-logging/1.2/commons-logging-1.2.jar:/home/felinejtd/.m2/repository/com/mysql/mysql-connector-j/8.0.31/mysql-connector-j-8.0.31.jar:/home/felinejtd/.m2/repository/com/google/protobuf/protobuf-java/3.19.4/protobuf-java-3.19.4.jar:"/>
    <property name="java.vm.vendor" value="Debian"/>
    <property name="sun.arch.data.model" value="64"/>
    <property name="java.vendor.url" value="https://tracker.debian.org/openjdk-11"/>
    <property name="user.timezone" value=""/>
    <property name="java.vm.specification.version" value="11"/>
    <property name="os.name" value="Linux"/>
    <property name="sun.java.launcher" value="SUN_STANDARD"/>
    <property name="user.country" value="US"/>
    <property name="sun.boot.library.path" value="/usr/lib/jvm/java-11-openjdk-amd64/lib"/>
    <property name="sun.java.command" value="/mnt/d/Cave/Semester5/WBD/tugas-besar-2/binotify-soap-service/ws/target/surefire/surefirebooter7023921848427925089.jar /mnt/d/Cave/Semester5/WBD/tugas-besar-2/binotify-soap-service/ws/target/surefire 2022-12-01T18-29-51_050-jvmRun1 surefire16277463225330003330tmp surefire_016903615405955797109tmp"/>
    <property name="jdk.debug" value="release"/>
    <property name="surefire.test.class.path" value="/mnt/d/Cave/Semester5/WBD/tugas-besar-2/binotify-soap-service/ws/target/test-classes:/mnt/d/Cave/Semester5/WBD/tugas-besar-2/binotify-soap-service/ws/target/classes:/home/felinejtd/.m2/repository/junit/junit/4.11/junit-4.11.jar:/home/felinejtd/.m2/repository/org/hamcrest/hamcrest-core/1.3/hamcrest-core-1.3.jar:/home/felinejtd/.m2/repository/jakarta/xml/bind/jakarta.xml.bind-api/2.3.2/jakarta.xml.bind-api-2.3.2.jar:/home/felinejtd/.m2/repository/jakarta/xml/ws/jakarta.xml.ws-api/2.3.2/jakarta.xml.ws-api-2.3.2.jar:/home/felinejtd/.m2/repository/jakarta/xml/soap/jakarta.xml.soap-api/1.4.1/jakarta.xml.soap-api-1.4.1.jar:/home/felinejtd/.m2/repository/jakarta/annotation/jakarta.annotation-api/1.3.4/jakarta.annotation-api-1.3.4.jar:/home/felinejtd/.m2/repository/jakarta/jws/jakarta.jws-api/1.1.1/jakarta.jws-api-1.1.1.jar:/home/felinejtd/.m2/repository/org/glassfish/jaxb/jaxb-runtime/2.3.2/jaxb-runtime-2.3.2.jar:/home/felinejtd/.m2/repository/org/glassfish/jaxb/txw2/2.3.2/txw2-2.3.2.jar:/home/felinejtd/.m2/repository/com/sun/istack/istack-commons-runtime/3.0.8/istack-commons-runtime-3.0.8.jar:/home/felinejtd/.m2/repository/com/sun/xml/ws/policy/2.7.6/policy-2.7.6.jar:/home/felinejtd/.m2/repository/org/glassfish/gmbal/gmbal/4.0.0/gmbal-4.0.0.jar:/home/felinejtd/.m2/repository/org/glassfish/external/management-api/3.2.1/management-api-3.2.1.jar:/home/felinejtd/.m2/repository/org/glassfish/pfl/pfl-basic/4.0.1/pfl-basic-4.0.1.jar:/home/felinejtd/.m2/repository/org/glassfish/pfl/pfl-basic-tools/4.0.1/pfl-basic-tools-4.0.1.jar:/home/felinejtd/.m2/repository/org/glassfish/pfl/pfl-tf-tools/4.0.1/pfl-tf-tools-4.0.1.jar:/home/felinejtd/.m2/repository/org/jvnet/staxex/stax-ex/1.8.1/stax-ex-1.8.1.jar:/home/felinejtd/.m2/repository/com/sun/xml/stream/buffer/streambuffer/1.5.7/streambuffer-1.5.7.jar:/home/felinejtd/.m2/repository/org/jvnet/mimepull/mimepull/1.9.11/mimepull-1.9.11.jar:/home/felinejtd/.m2/repository/com/sun/xml/fastinfoset/FastInfoset/1.2.16/FastInfoset-1.2.16.jar:/home/felinejtd/.m2/repository/org/glassfish/ha/ha-api/3.1.12/ha-api-3.1.12.jar:/home/felinejtd/.m2/repository/com/sun/xml/messaging/saaj/saaj-impl/1.5.1/saaj-impl-1.5.1.jar:/home/felinejtd/.m2/repository/com/fasterxml/woodstox/woodstox-core/5.1.0/woodstox-core-5.1.0.jar:/home/felinejtd/.m2/repository/org/codehaus/woodstox/stax2-api/4.1/stax2-api-4.1.jar:/home/felinejtd/.m2/repository/jakarta/activation/jakarta.activation-api/1.2.1/jakarta.activation-api-1.2.1.jar:/home/felinejtd/.m2/repository/com/sun/xml/ws/jaxws-rt/2.3.2/jaxws-rt-2.3.2.jar:/home/felinejtd/.m2/repository/com/sun/xml/ws/jaxws-tools/2.3.2/jaxws-tools-2.3.2.jar:/home/felinejtd/.m2/repository/com/sun/xml/bind/jaxb-xjc/2.3.2/jaxb-xjc-2.3.2.jar:/home/felinejtd/.m2/repository/com/sun/xml/bind/jaxb-jxc/2.3.2/jaxb-jxc-2.3.2.jar:/home/felinejtd/.m2/repository/com/sun/xml/ws/jaxws-eclipselink-plugin/2.3.2/jaxws-eclipselink-plugin-2.3.2.jar:/home/felinejtd/.m2/repository/jakarta/mail/jakarta.mail-api/1.6.3/jakarta.mail-api-1.6.3.jar:/home/felinejtd/.m2/repository/jakarta/persistence/jakarta.persistence-api/2.2.2/jakarta.persistence-api-2.2.2.jar:/home/felinejtd/.m2/repository/org/eclipse/persistence/org.eclipse.persistence.moxy/2.7.4/org.eclipse.persistence.moxy-2.7.4.jar:/home/felinejtd/.m2/repository/org/eclipse/persistence/org.eclipse.persistence.core/2.7.4/org.eclipse.persistence.core-2.7.4.jar:/home/felinejtd/.m2/repository/org/eclipse/persistence/org.eclipse.persistence.asm/2.7.4/org.eclipse.persistence.asm-2.7.4.jar:/home/felinejtd/.m2/repository/com/sun/xml/ws/sdo-eclipselink-plugin/2.3.2/sdo-eclipselink-plugin-2.3.2.jar:/home/felinejtd/.m2/repository/org/eclipse/persistence/org.eclipse.persistence.sdo/2.7.4/org.eclipse.persistence.sdo-2.7.4.jar:/home/felinejtd/.m2/repository/org/eclipse/persistence/commonj.sdo/2.1.1/commonj.sdo-2.1.1.jar:/home/felinejtd/.m2/repository/com/sun/xml/ws/rt/2.3.2/rt-2.3.2.jar:/home/felinejtd/.m2/repository/org/glassfish/pfl/pfl-tf/4.0.1/pfl-tf-4.0.1.jar:/home/felinejtd/.m2/repository/org/glassfish/pfl/pfl-asm/4.0.1/pfl-asm-4.0.1.jar:/home/felinejtd/.m2/repository/org/glassfish/pfl/pfl-dynamic/4.0.1/pfl-dynamic-4.0.1.jar:/home/felinejtd/.m2/repository/org/apache/commons/commons-dbcp2/2.9.0/commons-dbcp2-2.9.0.jar:/home/felinejtd/.m2/repository/org/apache/commons/commons-pool2/2.10.0/commons-pool2-2.10.0.jar:/home/felinejtd/.m2/repository/commons-logging/commons-logging/1.2/commons-logging-1.2.jar:/home/felinejtd/.m2/repository/com/mysql/mysql-connector-j/8.0.31/mysql-connector-j-8.0.31.jar:/home/felinejtd/.m2/repository/com/google/protobuf/protobuf-java/3.19.4/protobuf-java-3.19.4.jar:"/>
    <property name="sun.cpu.endian" value="little"/>
    <property name="user.home" value="/home/felinejtd"/>
    <property name="user.language" value="en"/>
    <property name="java.specification.vendor" value="Oracle Corporation"/>
    <property name="java.version.date" value="2022-10-18"/>
    <property name="java.home" value="/usr/lib/jvm/java-11-openjdk-amd64"/>
    <property name="file.separator" value="/"/>
    <property name="basedir" value="/mnt/d/Cave/Semester5/WBD/tugas-besar-2/binotify-soap-service/ws"/>
    <property name="java.vm.compressedOopsMode" value="32-bit"/>
    <property name="line.separator" value="&#10;"/>
    <property name="java.specification.name" value="Java Platform API Specification"/>
    <property name="java.vm.specification.vendor" value="Oracle Corporation"/>
    <property name="java.awt.graphicsenv" value="sun.awt.X11GraphicsEnvironment"/>
    <property name="surefire.real.class.path" value="/mnt/d/Cave/Semester5/WBD/tugas-besar-2/binotify-soap-service/ws/target/surefire/surefirebooter7023921848427925089.jar"/>
    <property name="sun.management.compiler" value="HotSpot 64-Bit Tiered Compilers"/>
    <property name="java.runtime.version" value="11.0.17+8-post-Debian-2"/>
    <property name="user.name" value="felinejtd"/>
    <property name="path.separator" value=":"/>
    <property name="os.version" value="4.19.128-microsoft-standard"/>
    <property name="java.runtime.name" value="OpenJDK Runtime Environment"/>
    <property name="file.encoding" value="UTF-8"/>
    <property name="java.vm.name" value="OpenJDK 64-Bit Server VM"/>
    <property name="localRepository" value="/home/felinejtd/.m2/repository"/>
    <property name="java.vendor.url.bug" value="https://bugs.debian.org/openjdk-11"/>
    <property name="java.io.tmpdir" value="/tmp"/>
    <property name="java.version" value="11.0.17"/>
    <property name="user.dir" value="/mnt/d/Cave/Semester5/WBD/tugas-besar-2/binotify-soap-service/ws"/>
    <property name="os.arch" value="amd64"/>
    <property name="java.vm.specification.name" value="Java Virtual Machine Specification"/>
    <property name="java.awt.printerjob" value="sun.print.PSPrinterJob"/>
    <property name="sun.os.patch.level" value="unknown"/>
    <property name="java.library.path" value="/usr/java/packages/lib:/usr/lib/x86_64-linux-gnu/jni:/lib/x86_64-linux-gnu:/usr/lib/x86_64-linux-gnu:/usr/lib/jni:/lib:/usr/lib"/>
    <property name="java.vm.info" value="mixed mode, sharing"/>
    <property name="java.vendor" value="Debian"/>
    <property name="java.vm.version" value="11.0.17+8-post-Debian-2"/>
    <property name="sun.io.unicode.encoding" value="UnicodeLittle"/>
    <property name="java.class.version" value="55.0"/>
  </properties>
  <testcase name="shouldAnswerWithTrue" classname="com.binotify.AppTest" time="0.005"/>
</testsuite>