<?xml version="1.0" encoding="UTF-8"?>
<testsuite xmlns:xsi="http://www.w3.org/2001/XMLSchema-instance" xsi:noNamespaceSchemaLocation="https://maven.apache.org/surefire/maven-surefire-plugin/xsd/surefire-test-report.xsd" name="com.binotify.AppTest" time="0.045" tests="1" errors="0" skipped="0" failures="0">
  <properties>
    <property name="sun.desktop" value="windows"/>
    <property name="awt.toolkit" value="sun.awt.windows.WToolkit"/>
    <property name="java.specification.version" value="11"/>
    <property name="sun.cpu.isalist" value="amd64"/>
    <property name="sun.jnu.encoding" value="Cp1252"/>
    <property name="java.class.path" value="c:\Users\Asus\Desktop\Files\Kuliah Stuff\Tugas Kuliah\Sem5\WBD\Tubes-2\binotify-soap-service\ws\target\test-classes;c:\Users\Asus\Desktop\Files\Kuliah Stuff\Tugas Kuliah\Sem5\WBD\Tubes-2\binotify-soap-service\ws\target\classes;C:\Users\Asus\.m2\repository\junit\junit\4.11\junit-4.11.jar;C:\Users\Asus\.m2\repository\org\hamcrest\hamcrest-core\1.3\hamcrest-core-1.3.jar;C:\Users\Asus\.m2\repository\jakarta\xml\bind\jakarta.xml.bind-api\2.3.2\jakarta.xml.bind-api-2.3.2.jar;C:\Users\Asus\.m2\repository\jakarta\xml\ws\jakarta.xml.ws-api\2.3.2\jakarta.xml.ws-api-2.3.2.jar;C:\Users\Asus\.m2\repository\jakarta\xml\soap\jakarta.xml.soap-api\1.4.1\jakarta.xml.soap-api-1.4.1.jar;C:\Users\Asus\.m2\repository\jakarta\annotation\jakarta.annotation-api\1.3.4\jakarta.annotation-api-1.3.4.jar;C:\Users\Asus\.m2\repository\jakarta\jws\jakarta.jws-api\1.1.1\jakarta.jws-api-1.1.1.jar;C:\Users\Asus\.m2\repository\org\glassfish\jaxb\jaxb-runtime\2.3.2\jaxb-runtime-2.3.2.jar;C:\Users\Asus\.m2\repository\org\glassfish\jaxb\txw2\2.3.2\txw2-2.3.2.jar;C:\Users\Asus\.m2\repository\com\sun\istack\istack-commons-runtime\3.0.8\istack-commons-runtime-3.0.8.jar;C:\Users\Asus\.m2\repository\com\sun\xml\ws\policy\2.7.6\policy-2.7.6.jar;C:\Users\Asus\.m2\repository\org\glassfish\gmbal\gmbal\4.0.0\gmbal-4.0.0.jar;C:\Users\Asus\.m2\repository\org\glassfish\external\management-api\3.2.1\management-api-3.2.1.jar;C:\Users\Asus\.m2\repository\org\glassfish\pfl\pfl-basic\4.0.1\pfl-basic-4.0.1.jar;C:\Users\Asus\.m2\repository\org\glassfish\pfl\pfl-basic-tools\4.0.1\pfl-basic-tools-4.0.1.jar;C:\Users\Asus\.m2\repository\org\glassfish\pfl\pfl-tf-tools\4.0.1\pfl-tf-tools-4.0.1.jar;C:\Users\Asus\.m2\repository\org\jvnet\staxex\stax-ex\1.8.1\stax-ex-1.8.1.jar;C:\Users\Asus\.m2\repository\com\sun\xml\stream\buffer\streambuffer\1.5.7\streambuffer-1.5.7.jar;C:\Users\Asus\.m2\repository\org\jvnet\mimepull\mimepull\1.9.11\mimepull-1.9.11.jar;C:\Users\Asus\.m2\repository\com\sun\xml\fastinfoset\FastInfoset\1.2.16\FastInfoset-1.2.16.jar;C:\Users\Asus\.m2\repository\org\glassfish\ha\ha-api\3.1.12\ha-api-3.1.12.jar;C:\Users\Asus\.m2\repository\com\sun\xml\messaging\saaj\saaj-impl\1.5.1\saaj-impl-1.5.1.jar;C:\Users\Asus\.m2\repository\com\fasterxml\woodstox\woodstox-core\5.1.0\woodstox-core-5.1.0.jar;C:\Users\Asus\.m2\repository\org\codehaus\woodstox\stax2-api\4.1\stax2-api-4.1.jar;C:\Users\Asus\.m2\repository\jakarta\activation\jakarta.activation-api\1.2.1\jakarta.activation-api-1.2.1.jar;C:\Users\Asus\.m2\repository\com\sun\xml\ws\jaxws-rt\2.3.2\jaxws-rt-2.3.2.jar;C:\Users\Asus\.m2\repository\com\sun\xml\ws\jaxws-tools\2.3.2\jaxws-tools-2.3.2.jar;C:\Users\Asus\.m2\repository\com\sun\xml\bind\jaxb-xjc\2.3.2\jaxb-xjc-2.3.2.jar;C:\Users\Asus\.m2\repository\com\sun\xml\bind\jaxb-jxc\2.3.2\jaxb-jxc-2.3.2.jar;C:\Users\Asus\.m2\repository\com\sun\xml\ws\jaxws-eclipselink-plugin\2.3.2\jaxws-eclipselink-plugin-2.3.2.jar;C:\Users\Asus\.m2\repository\jakarta\mail\jakarta.mail-api\1.6.3\jakarta.mail-api-1.6.3.jar;C:\Users\Asus\.m2\repository\jakarta\persistence\jakarta.persistence-api\2.2.2\jakarta.persistence-api-2.2.2.jar;C:\Users\Asus\.m2\repository\org\eclipse\persistence\org.eclipse.persistence.moxy\2.7.4\org.eclipse.persistence.moxy-2.7.4.jar;C:\Users\Asus\.m2\repository\org\eclipse\persistence\org.eclipse.persistence.core\2.7.4\org.eclipse.persistence.core-2.7.4.jar;C:\Users\Asus\.m2\repository\org\eclipse\persistence\org.eclipse.persistence.asm\2.7.4\org.eclipse.persistence.asm-2.7.4.jar;C:\Users\Asus\.m2\repository\com\sun\xml\ws\sdo-eclipselink-plugin\2.3.2\sdo-eclipselink-plugin-2.3.2.jar;C:\Users\Asus\.m2\repository\org\eclipse\persistence\org.eclipse.persistence.sdo\2.7.4\org.eclipse.persistence.sdo-2.7.4.jar;C:\Users\Asus\.m2\repository\org\eclipse\persistence\commonj.sdo\2.1.1\commonj.sdo-2.1.1.jar;C:\Users\Asus\.m2\repository\com\sun\xml\ws\rt\2.3.2\rt-2.3.2.jar;C:\Users\Asus\.m2\repository\org\glassfish\pfl\pfl-tf\4.0.1\pfl-tf-4.0.1.jar;C:\Users\Asus\.m2\repository\org\glassfish\pfl\pfl-asm\4.0.1\pfl-asm-4.0.1.jar;C:\Users\Asus\.m2\repository\org\glassfish\pfl\pfl-dynamic\4.0.1\pfl-dynamic-4.0.1.jar;C:\Users\Asus\.m2\repository\org\apache\commons\commons-dbcp2\2.9.0\commons-dbcp2-2.9.0.jar;C:\Users\Asus\.m2\repository\org\apache\commons\commons-pool2\2.10.0\commons-pool2-2.10.0.jar;C:\Users\Asus\.m2\repository\commons-logging\commons-logging\1.2\commons-logging-1.2.jar;C:\Users\Asus\.m2\repository\com\mysql\mysql-connector-j\8.0.31\mysql-connector-j-8.0.31.jar;C:\Users\Asus\.m2\repository\com\google\protobuf\protobuf-java\3.19.4\protobuf-java-3.19.4.jar;"/>
    <property name="java.vm.vendor" value="Eclipse Adoptium"/>
    <property name="sun.arch.data.model" value="64"/>
    <property name="user.variant" value=""/>
    <property name="java.vendor.url" value="https://adoptium.net/"/>
    <property name="user.timezone" value="Asia/Bangkok"/>
    <property name="java.vm.specification.version" value="11"/>
    <property name="os.name" value="Windows 11"/>
    <property name="sun.java.launcher" value="SUN_STANDARD"/>
    <property name="user.country" value="ID"/>
    <property name="sun.boot.library.path" value="C:\Program Files\Eclipse Adoptium\jdk-11.0.17.8-hotspot\bin"/>
    <property name="sun.java.command" value="C:\Users\Asus\AppData\Local\Temp\surefire14173629382121493995\surefirebooter13218035486108490682.jar C:\Users\Asus\AppData\Local\Temp\surefire14173629382121493995 2022-11-22T22-07-18_310-jvmRun1 surefire10153008921949116313tmp surefire_04976180688813849013tmp"/>
    <property name="jdk.debug" value="release"/>
    <property name="surefire.test.class.path" value="c:\Users\Asus\Desktop\Files\Kuliah Stuff\Tugas Kuliah\Sem5\WBD\Tubes-2\binotify-soap-service\ws\target\test-classes;c:\Users\Asus\Desktop\Files\Kuliah Stuff\Tugas Kuliah\Sem5\WBD\Tubes-2\binotify-soap-service\ws\target\classes;C:\Users\Asus\.m2\repository\junit\junit\4.11\junit-4.11.jar;C:\Users\Asus\.m2\repository\org\hamcrest\hamcrest-core\1.3\hamcrest-core-1.3.jar;C:\Users\Asus\.m2\repository\jakarta\xml\bind\jakarta.xml.bind-api\2.3.2\jakarta.xml.bind-api-2.3.2.jar;C:\Users\Asus\.m2\repository\jakarta\xml\ws\jakarta.xml.ws-api\2.3.2\jakarta.xml.ws-api-2.3.2.jar;C:\Users\Asus\.m2\repository\jakarta\xml\soap\jakarta.xml.soap-api\1.4.1\jakarta.xml.soap-api-1.4.1.jar;C:\Users\Asus\.m2\repository\jakarta\annotation\jakarta.annotation-api\1.3.4\jakarta.annotation-api-1.3.4.jar;C:\Users\Asus\.m2\repository\jakarta\jws\jakarta.jws-api\1.1.1\jakarta.jws-api-1.1.1.jar;C:\Users\Asus\.m2\repository\org\glassfish\jaxb\jaxb-runtime\2.3.2\jaxb-runtime-2.3.2.jar;C:\Users\Asus\.m2\repository\org\glassfish\jaxb\txw2\2.3.2\txw2-2.3.2.jar;C:\Users\Asus\.m2\repository\com\sun\istack\istack-commons-runtime\3.0.8\istack-commons-runtime-3.0.8.jar;C:\Users\Asus\.m2\repository\com\sun\xml\ws\policy\2.7.6\policy-2.7.6.jar;C:\Users\Asus\.m2\repository\org\glassfish\gmbal\gmbal\4.0.0\gmbal-4.0.0.jar;C:\Users\Asus\.m2\repository\org\glassfish\external\management-api\3.2.1\management-api-3.2.1.jar;C:\Users\Asus\.m2\repository\org\glassfish\pfl\pfl-basic\4.0.1\pfl-basic-4.0.1.jar;C:\Users\Asus\.m2\repository\org\glassfish\pfl\pfl-basic-tools\4.0.1\pfl-basic-tools-4.0.1.jar;C:\Users\Asus\.m2\repository\org\glassfish\pfl\pfl-tf-tools\4.0.1\pfl-tf-tools-4.0.1.jar;C:\Users\Asus\.m2\repository\org\jvnet\staxex\stax-ex\1.8.1\stax-ex-1.8.1.jar;C:\Users\Asus\.m2\repository\com\sun\xml\stream\buffer\streambuffer\1.5.7\streambuffer-1.5.7.jar;C:\Users\Asus\.m2\repository\org\jvnet\mimepull\mimepull\1.9.11\mimepull-1.9.11.jar;C:\Users\Asus\.m2\repository\com\sun\xml\fastinfoset\FastInfoset\1.2.16\FastInfoset-1.2.16.jar;C:\Users\Asus\.m2\repository\org\glassfish\ha\ha-api\3.1.12\ha-api-3.1.12.jar;C:\Users\Asus\.m2\repository\com\sun\xml\messaging\saaj\saaj-impl\1.5.1\saaj-impl-1.5.1.jar;C:\Users\Asus\.m2\repository\com\fasterxml\woodstox\woodstox-core\5.1.0\woodstox-core-5.1.0.jar;C:\Users\Asus\.m2\repository\org\codehaus\woodstox\stax2-api\4.1\stax2-api-4.1.jar;C:\Users\Asus\.m2\repository\jakarta\activation\jakarta.activation-api\1.2.1\jakarta.activation-api-1.2.1.jar;C:\Users\Asus\.m2\repository\com\sun\xml\ws\jaxws-rt\2.3.2\jaxws-rt-2.3.2.jar;C:\Users\Asus\.m2\repository\com\sun\xml\ws\jaxws-tools\2.3.2\jaxws-tools-2.3.2.jar;C:\Users\Asus\.m2\repository\com\sun\xml\bind\jaxb-xjc\2.3.2\jaxb-xjc-2.3.2.jar;C:\Users\Asus\.m2\repository\com\sun\xml\bind\jaxb-jxc\2.3.2\jaxb-jxc-2.3.2.jar;C:\Users\Asus\.m2\repository\com\sun\xml\ws\jaxws-eclipselink-plugin\2.3.2\jaxws-eclipselink-plugin-2.3.2.jar;C:\Users\Asus\.m2\repository\jakarta\mail\jakarta.mail-api\1.6.3\jakarta.mail-api-1.6.3.jar;C:\Users\Asus\.m2\repository\jakarta\persistence\jakarta.persistence-api\2.2.2\jakarta.persistence-api-2.2.2.jar;C:\Users\Asus\.m2\repository\org\eclipse\persistence\org.eclipse.persistence.moxy\2.7.4\org.eclipse.persistence.moxy-2.7.4.jar;C:\Users\Asus\.m2\repository\org\eclipse\persistence\org.eclipse.persistence.core\2.7.4\org.eclipse.persistence.core-2.7.4.jar;C:\Users\Asus\.m2\repository\org\eclipse\persistence\org.eclipse.persistence.asm\2.7.4\org.eclipse.persistence.asm-2.7.4.jar;C:\Users\Asus\.m2\repository\com\sun\xml\ws\sdo-eclipselink-plugin\2.3.2\sdo-eclipselink-plugin-2.3.2.jar;C:\Users\Asus\.m2\repository\org\eclipse\persistence\org.eclipse.persistence.sdo\2.7.4\org.eclipse.persistence.sdo-2.7.4.jar;C:\Users\Asus\.m2\repository\org\eclipse\persistence\commonj.sdo\2.1.1\commonj.sdo-2.1.1.jar;C:\Users\Asus\.m2\repository\com\sun\xml\ws\rt\2.3.2\rt-2.3.2.jar;C:\Users\Asus\.m2\repository\org\glassfish\pfl\pfl-tf\4.0.1\pfl-tf-4.0.1.jar;C:\Users\Asus\.m2\repository\org\glassfish\pfl\pfl-asm\4.0.1\pfl-asm-4.0.1.jar;C:\Users\Asus\.m2\repository\org\glassfish\pfl\pfl-dynamic\4.0.1\pfl-dynamic-4.0.1.jar;C:\Users\Asus\.m2\repository\org\apache\commons\commons-dbcp2\2.9.0\commons-dbcp2-2.9.0.jar;C:\Users\Asus\.m2\repository\org\apache\commons\commons-pool2\2.10.0\commons-pool2-2.10.0.jar;C:\Users\Asus\.m2\repository\commons-logging\commons-logging\1.2\commons-logging-1.2.jar;C:\Users\Asus\.m2\repository\com\mysql\mysql-connector-j\8.0.31\mysql-connector-j-8.0.31.jar;C:\Users\Asus\.m2\repository\com\google\protobuf\protobuf-java\3.19.4\protobuf-java-3.19.4.jar;"/>
    <property name="sun.cpu.endian" value="little"/>
    <property name="user.home" value="C:\Users\Asus"/>
    <property name="user.language" value="en"/>
    <property name="java.specification.vendor" value="Oracle Corporation"/>
    <property name="java.version.date" value="2022-10-18"/>
    <property name="java.home" value="C:\Program Files\Eclipse Adoptium\jdk-11.0.17.8-hotspot"/>
    <property name="file.separator" value="\"/>
    <property name="basedir" value="c:\Users\Asus\Desktop\Files\Kuliah Stuff\Tugas Kuliah\Sem5\WBD\Tubes-2\binotify-soap-service\ws"/>
    <property name="java.vm.compressedOopsMode" value="Zero based"/>
    <property name="line.separator" value="&#10;"/>
    <property name="java.specification.name" value="Java Platform API Specification"/>
    <property name="java.vm.specification.vendor" value="Oracle Corporation"/>
    <property name="java.awt.graphicsenv" value="sun.awt.Win32GraphicsEnvironment"/>
    <property name="surefire.real.class.path" value="C:\Users\Asus\AppData\Local\Temp\surefire14173629382121493995\surefirebooter13218035486108490682.jar"/>
    <property name="user.script" value=""/>
    <property name="sun.management.compiler" value="HotSpot 64-Bit Tiered Compilers"/>
    <property name="java.runtime.version" value="11.0.17+8"/>
    <property name="user.name" value="Asus"/>
    <property name="path.separator" value=";"/>
    <property name="os.version" value="10.0"/>
    <property name="java.runtime.name" value="OpenJDK Runtime Environment"/>
    <property name="file.encoding" value="Cp1252"/>
    <property name="java.vm.name" value="OpenJDK 64-Bit Server VM"/>
    <property name="java.vendor.version" value="Temurin-11.0.17+8"/>
    <property name="localRepository" value="C:\Users\Asus\.m2\repository"/>
    <property name="java.vendor.url.bug" value="https://github.com/adoptium/adoptium-support/issues"/>
    <property name="java.io.tmpdir" value="C:\Users\Asus\AppData\Local\Temp\"/>
    <property name="java.version" value="11.0.17"/>
    <property name="user.dir" value="c:\Users\Asus\Desktop\Files\Kuliah Stuff\Tugas Kuliah\Sem5\WBD\Tubes-2\binotify-soap-service\ws"/>
    <property name="os.arch" value="amd64"/>
    <property name="java.vm.specification.name" value="Java Virtual Machine Specification"/>
    <property name="java.awt.printerjob" value="sun.awt.windows.WPrinterJob"/>
    <property name="sun.os.patch.level" value=""/>
    <property name="java.library.path" value="C:\Program Files\Eclipse Adoptium\jdk-11.0.17.8-hotspot\bin;C:\WINDOWS\Sun\Java\bin;C:\WINDOWS\system32;C:\WINDOWS;C:\Program Files\Eclipse Adoptium\jdk-11.0.17.8-hotspot\bin;C:\Windows\system32;C:\Windows;C:\Windows\System32\Wbem;C:\Windows\System32\WindowsPowerShell\v1.0\;C:\Windows\System32\OpenSSH\;C:\Program Files (x86)\NVIDIA Corporation\PhysX\Common;C:\Program Files\NVIDIA Corporation\NVIDIA NvDLISR;C:\Program Files\Microsoft VS Code\bin;C:\Program Files\Go\bin;C:\Program Files\Git\cmd;C:\Users\Asus\.jdks\corretto-11.0.14.1\bin;C:\Program Files\CodeBlocks\MinGW\bin;C:\Program Files\nodejs\;C:\ProgramData\chocolatey\bin;C:\Users\Asus\anaconda3;C:\Users\Asus\anaconda3\Scripts;C:\Users\Asus\anaconda3\Library;C:\Users\Asus\anaconda3\Library\bin;C:\Windows\Microsoft.NET\Framework64\v4.0.30319;C:\Program Files\dotnet\;C:\WINDOWS\system32;C:\WINDOWS;C:\WINDOWS\System32\Wbem;C:\WINDOWS\System32\WindowsPowerShell\v1.0\;C:\WINDOWS\System32\OpenSSH\;C:\Program Files\Docker\Docker\resources\bin;C:\ProgramData\DockerDesktop\version-bin;C:\Program Files\PostgreSQL\15\bin;C:\Program Files\apache-maven-3.8.6\bin;C:\Program Files\Neovim\bin;C:\Program Files\MySQL\MySQL Shell 8.0\bin\;C:\Ruby31-x64\bin;C:\Users\Asus\AppData\Local\Programs\Python\Python38\Scripts\;C:\Users\Asus\AppData\Local\Programs\Python\Python38\;C:\Users\Asus\AppData\Local\Microsoft\WindowsApps;C:\Users\Asus\AppData\Local\GitHubDesktop\bin;C:\Users\Asus\go\bin;C:\flutter\bin;C:\Users\Asus\AppData\Roaming\npm;C:\Program Files\JetBrains\IntelliJ IDEA 2021.3.2\bin;C:\Users\Asus\.dotnet\tools;C:\Users\Asus\Desktop\terminal\mongosh-1.3.1-win32-x64\mongosh-1.3.1-win32-x64\bin;C:\Program Files\heroku\bin;C:\Users\Asus\AppData\Local\atom\bin;C:\Users\Asus\AppData\Local\gitkraken\bin;C:\php;;."/>
    <property name="java.vm.info" value="mixed mode"/>
    <property name="java.vendor" value="Eclipse Adoptium"/>
    <property name="java.vm.version" value="11.0.17+8"/>
    <property name="sun.io.unicode.encoding" value="UnicodeLittle"/>
    <property name="java.class.version" value="55.0"/>
  </properties>
  <testcase name="shouldAnswerWithTrue" classname="com.binotify.AppTest" time="0.003"/>
</testsuite>